{"numTotalTestSuites":7,"numPassedTestSuites":4,"numFailedTestSuites":3,"numPendingTestSuites":0,"numTotalTests":16,"numPassedTests":15,"numFailedTests":1,"numPendingTests":0,"numTodoTests":0,"snapshot":{"added":0,"failure":false,"filesAdded":0,"filesRemoved":0,"filesRemovedList":[],"filesUnmatched":0,"filesUpdated":0,"matched":0,"total":0,"unchecked":0,"uncheckedKeysByFile":[],"unmatched":0,"updated":0,"didUpdate":false},"startTime":1773526876099,"success":false,"testResults":[{"assertionResults":[{"ancestorTitles":["Button"],"fullName":"Button renders primary button by default","status":"passed","title":"renders primary button by default","duration":86.50889999999993,"failureMessages":[],"meta":{}},{"ancestorTitles":["Button","variants"],"fullName":"Button variants renders primary variant correctly","status":"passed","title":"renders primary variant correctly","duration":19.512399999999957,"failureMessages":[],"meta":{}},{"ancestorTitles":["Button","variants"],"fullName":"Button variants renders secondary variant correctly","status":"passed","title":"renders secondary variant correctly","duration":20.63160000000005,"failureMessages":[],"meta":{}},{"ancestorTitles":["Button","variants"],"fullName":"Button variants renders ghost variant correctly","status":"passed","title":"renders ghost variant correctly","duration":21.806100000000015,"failureMessages":[],"meta":{}},{"ancestorTitles":["Button","variants"],"fullName":"Button variants renders danger variant correctly","status":"passed","title":"renders danger variant correctly","duration":22.85379999999998,"failureMessages":[],"meta":{}},{"ancestorTitles":["Button","sizes"],"fullName":"Button sizes renders sm size correctly","status":"passed","title":"renders sm size correctly","duration":26.093599999999924,"failureMessages":[],"meta":{}},{"ancestorTitles":["Button","sizes"],"fullName":"Button sizes renders md size correctly","status":"passed","title":"renders md size correctly","duration":29.592100000000073,"failureMessages":[],"meta":{}},{"ancestorTitles":["Button","sizes"],"fullName":"Button sizes renders lg size correctly","status":"passed","title":"renders lg size correctly","duration":33.22440000000006,"failureMessages":[],"meta":{}},{"ancestorTitles":["Button","states"],"fullName":"Button states handles disabled state","status":"passed","title":"handles disabled state","duration":39.41210000000001,"failureMessages":[],"meta":{}},{"ancestorTitles":["Button","states"],"fullName":"Button states handles loading state","status":"passed","title":"handles loading state","duration":42.397699999999986,"failureMessages":[],"meta":{}},{"ancestorTitles":["Button","icons"],"fullName":"Button icons renders left icon","status":"passed","title":"renders left icon","duration":1.8557999999998174,"failureMessages":[],"meta":{}},{"ancestorTitles":["Button","icons"],"fullName":"Button icons renders right icon","status":"passed","title":"renders right icon","duration":1.3381999999999152,"failureMessages":[],"meta":{}},{"ancestorTitles":["Button","icons"],"fullName":"Button icons does not render icons when loading","status":"failed","title":"does not render icons when loading","duration":2.9618000000000393,"failureMessages":["Error: \u001b[2mexpect(\u001b[22m\u001b[31melement\u001b[39m\u001b[2m).not.toBeInTheDocument()\u001b[22m\n\n\u001b[31mexpected document not to contain element, found <svg\n  data-testid=\"left-icon\"\n/> instead\u001b[39m\n    at Proxy.expectWrapper (file:///C:/dev/horoscope_front/frontend/node_modules/@vitest/expect/dist/index.js:1821:12)\n    at Proxy.<anonymous> (file:///C:/dev/horoscope_front/frontend/node_modules/@vitest/expect/dist/index.js:1090:14)\n    at Proxy.methodWrapper (file:///C:/dev/horoscope_front/frontend/node_modules/chai/index.js:1700:25)\n    at C:/dev/horoscope_front/frontend/src/components/ui/Button/Button.test.tsx:105:53\n    at file:///C:/dev/horoscope_front/frontend/node_modules/@vitest/runner/dist/index.js:145:11\n    at file:///C:/dev/horoscope_front/frontend/node_modules/@vitest/runner/dist/index.js:915:26\n    at file:///C:/dev/horoscope_front/frontend/node_modules/@vitest/runner/dist/index.js:1243:20\n    at new Promise (<anonymous>)\n    at runWithTimeout (file:///C:/dev/horoscope_front/frontend/node_modules/@vitest/runner/dist/index.js:1209:10)\n    at file:///C:/dev/horoscope_front/frontend/node_modules/@vitest/runner/dist/index.js:1653:37"],"meta":{}},{"ancestorTitles":["Button","props passthrough"],"fullName":"Button props passthrough passes fullWidth and custom className","status":"passed","title":"passes fullWidth and custom className","duration":66.56040000000007,"failureMessages":[],"meta":{}},{"ancestorTitles":["Button","props passthrough"],"fullName":"Button props passthrough defaults to type=\"button\"","status":"passed","title":"defaults to type=\"button\"","duration":66.66180000000008,"failureMessages":[],"meta":{}},{"ancestorTitles":["Button","props passthrough"],"fullName":"Button props passthrough allows overriding type=\"submit\"","status":"passed","title":"allows overriding type=\"submit\"","duration":82.54680000000008,"failureMessages":[],"meta":{}}],"startTime":1773526876888,"endTime":1773526877452.5469,"status":"failed","message":"","name":"C:/dev/horoscope_front/frontend/src/components/ui/Button/Button.test.tsx"}]}
